<?xml version="1.0" encoding="UTF-8"?>
<!-- Generated by org.testng.reporters.JUnitXMLReporter -->
<testsuite ignored="0" hostname="LTIN489131" failures="0" tests="5" name="ChromeTest" time="88.947" errors="0" timestamp="2024-05-08T10:01:31 IST">
  <testcase classname="testCases.TC_001_WelcomeMessage" name="TestCase_001_WelcomeMessage" time="35.655"/>
  <testcase classname="testCases.TC_002_DefaultCountry" name="TestCase_002_DefaultCountry" time="0.023"/>
  <testcase classname="testCases.TC_003_DefaultLanguage" name="TestCase_003_DefaultLanguage" time="0.025"/>
  <testcase classname="testCases.TC_004_Languagelist" name="TestCase_004_Languagelist" time="5.201"/>
  <testcase classname="testCases.TC_005_Tooltips" name="TestCase_005_Tooltips" time="13.555"/>
</testsuite> <!-- ChromeTest -->
